<?xml version="1.0" encoding="UTF-8"?>
<!-- Generated by org.testng.reporters.JUnitXMLReporter -->
<testsuite ignored="0" hostname="ram" failures="0" tests="3" name="Test" time="25.115" errors="0" timestamp="2022-07-15T13:07:21 GMT+05:30">
  <testcase classname="com.TestNG.TestNG_Run" name="browserlaunch" time="8.022"/>
  <testcase classname="com.TestNG.TestNG_Run" name="login" time="1.599"/>
  <testcase classname="com.TestNG.Tc_Login" name="login_test" time="15.381"/>
</testsuite> <!-- Test -->
