<?xml version="1.0" encoding="UTF-8"?>
<testsuite xmlns:xsi="http://www.w3.org/2001/XMLSchema-instance" xsi:noNamespaceSchemaLocation="https://maven.apache.org/surefire/maven-surefire-plugin/xsd/surefire-test-report.xsd" name="TestSuite" time="30.695" tests="3" errors="0" skipped="0" failures="0">
  <properties>
[...]
</properties>
  <testcase name="browserlaunch" classname="com.TestNG.TestNG_Run" time="8.025"/>
  <testcase name="login" classname="com.TestNG.TestNG_Run" time="1.592"/>
  <testcase name="login_test" classname="com.TestNG.Tc_Login" time="15.38"/>
</testsuite>