<?xml version="1.0" encoding="UTF-8"?>
<testng-results ignored="0" total="3" passed="3" failed="0" skipped="0">
  <reporter-output>
  </reporter-output>
  <suite started-at="2022-07-15T13:06:55 GMT+05:30" name="Suite" finished-at="2022-07-15T13:07:21 GMT+05:30" duration-ms="25115">
    <groups>
    </groups>
    <test started-at="2022-07-15T13:06:55 GMT+05:30" name="Test" finished-at="2022-07-15T13:07:21 GMT+05:30" duration-ms="25115">
      <class name="com.TestNG.Tc_Login">
        <test-method signature="login_test()[pri:0, instance:com.TestNG.Tc_Login@67389cb8]" started-at="2022-07-15T13:07:05 GMT+05:30" name="login_test" finished-at="2022-07-15T13:07:21 GMT+05:30" duration-ms="15381" status="PASS">
          <reporter-output>
          </reporter-output>
        </test-method> <!-- login_test -->
      </class> <!-- com.TestNG.Tc_Login -->
      <class name="com.TestNG.TestNG_Run">
        <test-method signature="browserlaunch()[pri:0, instance:com.TestNG.TestNG_Run@58bf8650]" started-at="2022-07-15T13:06:56 GMT+05:30" name="browserlaunch" finished-at="2022-07-15T13:07:04 GMT+05:30" duration-ms="8022" status="PASS">
          <reporter-output>
          </reporter-output>
        </test-method> <!-- browserlaunch -->
        <test-method signature="login()[pri:0, instance:com.TestNG.TestNG_Run@58bf8650]" started-at="2022-07-15T13:07:04 GMT+05:30" name="login" finished-at="2022-07-15T13:07:05 GMT+05:30" duration-ms="1599" status="PASS">
          <reporter-output>
          </reporter-output>
        </test-method> <!-- login -->
      </class> <!-- com.TestNG.TestNG_Run -->
    </test> <!-- Test -->
  </suite> <!-- Suite -->
</testng-results>
